<?xml version="1.0" encoding="UTF-8"?>
<!-- Generated by org.testng.reporters.JUnitReportReporter -->
<testsuite hostname="Varshi" name="parallel.ParallelExecution" tests="4" failures="0" timestamp="19 Mar 2019 03:55:59 GMT" time="0.014" errors="0">
  <testcase name="test1" time="0.003" classname="parallel.ParallelExecution"/>
  <testcase name="test1" time="0.003" classname="parallel.ParallelExecution"/>
  <testcase name="test2" time="0.004" classname="parallel.ParallelExecution"/>
  <testcase name="test2" time="0.004" classname="parallel.ParallelExecution"/>
</testsuite> <!-- parallel.ParallelExecution -->
