<?xml version="1.0" encoding="UTF-8"?>
<!-- Generated by org.testng.reporters.JUnitReportReporter -->
<testsuite hostname="Varshi" name="crossplatform.CrossPlatform" tests="2" failures="0" timestamp="19 Mar 2019 04:39:10 GMT" time="22.165" errors="0">
  <testcase name="Test2" time="3.100" classname="crossplatform.CrossPlatform"/>
  <testcase name="Test1" time="19.065" classname="crossplatform.CrossPlatform"/>
</testsuite> <!-- crossplatform.CrossPlatform -->
