<?xml version="1.0" encoding="UTF-8"?>
<!-- Generated by org.testng.reporters.JUnitReportReporter -->
<testsuite hostname="Varshi" name="parallel.ParallelExecution2" tests="4" failures="0" timestamp="19 Mar 2019 03:55:59 GMT" time="0.063" errors="0">
  <testcase name="test21" time="0.027" classname="parallel.ParallelExecution2"/>
  <testcase name="test22" time="0.004" classname="parallel.ParallelExecution2"/>
  <testcase name="test22" time="0.005" classname="parallel.ParallelExecution2"/>
  <testcase name="test21" time="0.027" classname="parallel.ParallelExecution2"/>
</testsuite> <!-- parallel.ParallelExecution2 -->
