<?xml version="1.0" encoding="UTF-8"?>
<!-- Generated by org.testng.reporters.JUnitReportReporter -->
<testsuite hostname="Varshi" name="TestNG.Booking" tests="3" failures="0" timestamp="14 Mar 2019 03:39:50 GMT" time="0.032" errors="0">
  <testcase name="ValidBooking" time="0.002" classname="TestNG.Booking"/>
  <testcase name="ValidBooking" time="0.003" classname="TestNG.Booking"/>
  <testcase name="InvalidBooking" time="0.027" classname="TestNG.Booking"/>
</testsuite> <!-- TestNG.Booking -->
